<?xml version="1.0" encoding="UTF-8"?>
<testsuite name="SRHPasswordManager_tests.TestNotebook-20240123160021" tests="4" file="SRHPasswordManager_tests.py" time="0.285" timestamp="2024-01-23T16:00:22" failures="0" errors="0" skipped="0">
	<testcase classname="SRHPasswordManager_tests.TestNotebook" name="test_add_entry" time="0.195" timestamp="2024-01-23T16:00:22"/>
	<testcase classname="SRHPasswordManager_tests.TestNotebook" name="test_check_for_file_existing" time="0.001" timestamp="2024-01-23T16:00:22"/>
	<testcase classname="SRHPasswordManager_tests.TestNotebook" name="test_check_for_file_not_existing" time="0.001" timestamp="2024-01-23T16:00:22"/>
	<testcase classname="SRHPasswordManager_tests.TestNotebook" name="test_load_and_decrypt" time="0.088" timestamp="2024-01-23T16:00:22"/>
</testsuite>
