<?xml version="1.0" encoding="UTF-8"?>
<testsuite name="SRHPasswordManager_tests.TestNotebook-20240123181606" tests="5" file="SRHPasswordManager_tests.py" time="0.345" timestamp="2024-01-23T18:16:07" failures="0" errors="0" skipped="0">
	<testcase classname="SRHPasswordManager_tests.TestNotebook" name="test_add_entry" time="0.156" timestamp="2024-01-23T18:16:06"/>
	<testcase classname="SRHPasswordManager_tests.TestNotebook" name="test_check_for_file_existing" time="0.002" timestamp="2024-01-23T18:16:06"/>
	<testcase classname="SRHPasswordManager_tests.TestNotebook" name="test_check_for_file_not_existing" time="0.002" timestamp="2024-01-23T18:16:06"/>
	<testcase classname="SRHPasswordManager_tests.TestNotebook" name="test_encrypt_and_write" time="0.100" timestamp="2024-01-23T18:16:07"/>
	<testcase classname="SRHPasswordManager_tests.TestNotebook" name="test_load_and_decrypt" time="0.085" timestamp="2024-01-23T18:16:07"/>
</testsuite>
