<?xml version="1.0" encoding="UTF-8"?>
<testsuite name="SRHPasswordManager_tests.TestNotebook-20240123152052" tests="3" file="SRHPasswordManager_tests.py" time="0.160" timestamp="2024-01-23T15:20:52" failures="1" errors="0" skipped="0">
	<testcase classname="SRHPasswordManager_tests.TestNotebook" name="test_check_for_file_existing" time="0.002" timestamp="2024-01-23T15:20:52"/>
	<testcase classname="SRHPasswordManager_tests.TestNotebook" name="test_check_for_file_not_existing" time="0.001" timestamp="2024-01-23T15:20:52"/>
	<testcase classname="SRHPasswordManager_tests.TestNotebook" name="test_add_entry" time="0.157" timestamp="2024-01-23T15:20:52">
		<failure type="AssertionError" message="{'Username': 'johndoe', 'Password': 'pass123'} != {'Username': 'john_doe', 'Password': 'password123'}
- {'Password': 'pass123', 'Username': 'johndoe'}
+ {'Password': 'password123', 'Username': 'john_doe'}
?                   ++++                       +
"><![CDATA[Traceback (most recent call last):
  File "C:\Users\Acer\anaconda3\Lib\unittest\case.py", line 57, in testPartExecutor
    yield
  File "C:\Users\Acer\anaconda3\Lib\unittest\case.py", line 623, in run
    self._callTestMethod(testMethod)
    ^^^^^^^^^^^^^^^^^
  File "C:\Users\Acer\anaconda3\Lib\unittest\case.py", line 579, in _callTestMethod
    if method() is not None:
    ^^^^^^^^^^^^^^^^^
  File "c:\users\acer\documents\github\srhpasswordmanager\src\unittest\python\SRHPasswordManager_tests.py", line 38, in test_add_entry
    self.assertEqual(notebook.book['Websites']['amazon.com'], expected_entry)
    ^^^^^^^^^^^^^^^^^
  File "C:\Users\Acer\anaconda3\Lib\unittest\case.py", line 873, in assertEqual
    assertion_func(first, second, msg=msg)
    ^^^^^^^^^^^^^^^^^
  File "C:\Users\Acer\anaconda3\Lib\unittest\case.py", line 1172, in assertDictEqual
    self.fail(self._formatMessage(msg, standardMsg))
    ^^^^^^^^^^^^^^^^^
  File "C:\Users\Acer\anaconda3\Lib\unittest\case.py", line 703, in fail
    raise self.failureException(msg)
    ^^^^^^^^^^^^^^^^^
AssertionError: {'Username': 'johndoe', 'Password': 'pass123'} != {'Username': 'john_doe', 'Password': 'password123'}
- {'Password': 'pass123', 'Username': 'johndoe'}
+ {'Password': 'password123', 'Username': 'john_doe'}
?                   ++++                       +

]]></failure>
	</testcase>
</testsuite>
