<?xml version="1.0" encoding="UTF-8"?>
<testsuite name="SRHPasswordManager_tests.TestNotebook-20240123174619" tests="5" file="SRHPasswordManager_tests.py" time="0.379" timestamp="2024-01-23T17:46:19" failures="0" errors="0" skipped="0">
	<testcase classname="SRHPasswordManager_tests.TestNotebook" name="test_add_entry" time="0.191" timestamp="2024-01-23T17:46:19"/>
	<testcase classname="SRHPasswordManager_tests.TestNotebook" name="test_check_for_file_existing" time="0.002" timestamp="2024-01-23T17:46:19"/>
	<testcase classname="SRHPasswordManager_tests.TestNotebook" name="test_check_for_file_not_existing" time="0.002" timestamp="2024-01-23T17:46:19"/>
	<testcase classname="SRHPasswordManager_tests.TestNotebook" name="test_encrypt_and_write" time="0.095" timestamp="2024-01-23T17:46:19"/>
	<testcase classname="SRHPasswordManager_tests.TestNotebook" name="test_load_and_decrypt" time="0.089" timestamp="2024-01-23T17:46:19"/>
</testsuite>
