<?xml version="1.0" encoding="UTF-8"?>
<testsuite name="SRHPasswordManager_tests.TestNotebook-20240123173600" tests="5" file="SRHPasswordManager_tests.py" time="0.324" timestamp="2024-01-23T17:36:01" failures="0" errors="0" skipped="0">
	<testcase classname="SRHPasswordManager_tests.TestNotebook" name="test_add_entry" time="0.150" timestamp="2024-01-23T17:36:00"/>
	<testcase classname="SRHPasswordManager_tests.TestNotebook" name="test_check_for_file_existing" time="0.002" timestamp="2024-01-23T17:36:00"/>
	<testcase classname="SRHPasswordManager_tests.TestNotebook" name="test_check_for_file_not_existing" time="0.001" timestamp="2024-01-23T17:36:00"/>
	<testcase classname="SRHPasswordManager_tests.TestNotebook" name="test_encrypt_and_write" time="0.088" timestamp="2024-01-23T17:36:01"/>
	<testcase classname="SRHPasswordManager_tests.TestNotebook" name="test_load_and_decrypt" time="0.083" timestamp="2024-01-23T17:36:01"/>
</testsuite>
