<?xml version="1.0" encoding="UTF-8"?>
<testsuite name="SRHPasswordManager_tests.TestNotebook-20240123152303" tests="3" file="SRHPasswordManager_tests.py" time="0.183" timestamp="2024-01-23T15:23:04" failures="0" errors="0" skipped="0">
	<testcase classname="SRHPasswordManager_tests.TestNotebook" name="test_add_entry" time="0.179" timestamp="2024-01-23T15:23:04"/>
	<testcase classname="SRHPasswordManager_tests.TestNotebook" name="test_check_for_file_existing" time="0.002" timestamp="2024-01-23T15:23:04"/>
	<testcase classname="SRHPasswordManager_tests.TestNotebook" name="test_check_for_file_not_existing" time="0.002" timestamp="2024-01-23T15:23:04"/>
</testsuite>
