<?xml version="1.0" encoding="UTF-8"?>
<testsuite name="SRHPasswordManager_tests.TestNotebook-20240123155205" tests="4" file="SRHPasswordManager_tests.py" time="0.283" timestamp="2024-01-23T15:52:05" failures="0" errors="0" skipped="0">
	<testcase classname="SRHPasswordManager_tests.TestNotebook" name="test_add_entry" time="0.194" timestamp="2024-01-23T15:52:05"/>
	<testcase classname="SRHPasswordManager_tests.TestNotebook" name="test_check_for_file_existing" time="0.001" timestamp="2024-01-23T15:52:05"/>
	<testcase classname="SRHPasswordManager_tests.TestNotebook" name="test_check_for_file_not_existing" time="0.001" timestamp="2024-01-23T15:52:05"/>
	<testcase classname="SRHPasswordManager_tests.TestNotebook" name="test_load_and_decrypt" time="0.087" timestamp="2024-01-23T15:52:05"/>
</testsuite>
