<?xml version="1.0" encoding="UTF-8"?>
<testsuite name="SRHPasswordManager_tests.TestNotebook-20240122192343" tests="2" file="SRHPasswordManager_tests.py" time="0.005" timestamp="2024-01-22T19:23:43" failures="0" errors="0" skipped="0">
	<testcase classname="SRHPasswordManager_tests.TestNotebook" name="test_check_for_file_existing" time="0.003" timestamp="2024-01-22T19:23:43"/>
	<testcase classname="SRHPasswordManager_tests.TestNotebook" name="test_check_for_file_not_existing" time="0.002" timestamp="2024-01-22T19:23:43"/>
</testsuite>
